This file contains any messages produced by compilers while
running configure, to aid debugging if configure makes a mistake.

It was created by configure, which was
generated by GNU Autoconf 2.68.  Invocation command line was

  $ ./configure 

## --------- ##
## Platform. ##
## --------- ##

hostname = guest-soc
uname -m = x86_64
uname -r = 3.16.0-30-generic
uname -s = Linux
uname -v = #40~14.04.1-Ubuntu SMP Thu Jan 15 17:43:14 UTC 2015

/usr/bin/uname -p = unknown
/bin/uname -X     = unknown

/bin/arch              = unknown
/usr/bin/arch -k       = unknown
/usr/convex/getsysinfo = unknown
/usr/bin/hostinfo      = unknown
/bin/machine           = unknown
/usr/bin/oslevel       = unknown
/bin/universe          = unknown

PATH: /home/guest/bin
PATH: /usr/local/sbin
PATH: /usr/local/bin
PATH: /usr/sbin
PATH: /usr/bin
PATH: /sbin
PATH: /bin
PATH: /usr/games
PATH: /usr/local/games
PATH: /opt/soclib/utils/bin
PATH: /opt/mipsel-unknown-elf/bin
PATH: /opt/soclib/utils/bin
PATH: /opt/mipsel-unknown-elf/bin


## ----------- ##
## Core tests. ##
## ----------- ##

configure:2218: checking for a BSD-compatible install
configure:2286: result: /usr/bin/install -c
configure:2297: checking whether build environment is sane
configure:2347: result: yes
configure:2488: checking for a thread-safe mkdir -p
configure:2527: result: /bin/mkdir -p
configure:2540: checking for gawk
configure:2570: result: no
configure:2540: checking for mawk
configure:2556: found /usr/bin/mawk
configure:2567: result: mawk
configure:2578: checking whether make sets $(MAKE)
configure:2600: result: yes
configure:2739: checking for g++
configure:2755: found /usr/bin/g++
configure:2766: result: g++
configure:2793: checking for C++ compiler version
configure:2802: g++ --version >&5
g++ (Ubuntu 4.8.4-2ubuntu1~14.04) 4.8.4
Copyright (C) 2013 Free Software Foundation, Inc.
This is free software; see the source for copying conditions.  There is NO
warranty; not even for MERCHANTABILITY or FITNESS FOR A PARTICULAR PURPOSE.

configure:2813: $? = 0
configure:2802: g++ -v >&5
Using built-in specs.
COLLECT_GCC=g++
COLLECT_LTO_WRAPPER=/usr/lib/gcc/x86_64-linux-gnu/4.8/lto-wrapper
Target: x86_64-linux-gnu
Configured with: ../src/configure -v --with-pkgversion='Ubuntu 4.8.4-2ubuntu1~14.04' --with-bugurl=file:///usr/share/doc/gcc-4.8/README.Bugs --enable-languages=c,c++,java,go,d,fortran,objc,obj-c++ --prefix=/usr --program-suffix=-4.8 --enable-shared --enable-linker-build-id --libexecdir=/usr/lib --without-included-gettext --enable-threads=posix --with-gxx-include-dir=/usr/include/c++/4.8 --libdir=/usr/lib --enable-nls --with-sysroot=/ --enable-clocale=gnu --enable-libstdcxx-debug --enable-libstdcxx-time=yes --enable-gnu-unique-object --disable-libmudflap --enable-plugin --with-system-zlib --disable-browser-plugin --enable-java-awt=gtk --enable-gtk-cairo --with-java-home=/usr/lib/jvm/java-1.5.0-gcj-4.8-amd64/jre --enable-java-home --with-jvm-root-dir=/usr/lib/jvm/java-1.5.0-gcj-4.8-amd64 --with-jvm-jar-dir=/usr/lib/jvm-exports/java-1.5.0-gcj-4.8-amd64 --with-arch-directory=amd64 --with-ecj-jar=/usr/share/java/eclipse-ecj.jar --enable-objc-gc --enable-multiarch --disable-werror --with-arch-32=i686 --with-abi=m64 --with-multilib-list=m32,m64,mx32 --with-tune=generic --enable-checking=release --build=x86_64-linux-gnu --host=x86_64-linux-gnu --target=x86_64-linux-gnu
Thread model: posix
gcc version 4.8.4 (Ubuntu 4.8.4-2ubuntu1~14.04) 
configure:2813: $? = 0
configure:2802: g++ -V >&5
g++: error: unrecognized command line option '-V'
g++: fatal error: no input files
compilation terminated.
configure:2813: $? = 4
configure:2802: g++ -qversion >&5
g++: error: unrecognized command line option '-qversion'
g++: fatal error: no input files
compilation terminated.
configure:2813: $? = 4
configure:2833: checking whether the C++ compiler works
configure:2855: g++    conftest.cpp  >&5
configure:2859: $? = 0
configure:2907: result: yes
configure:2910: checking for C++ compiler default output file name
configure:2912: result: a.out
configure:2918: checking for suffix of executables
configure:2925: g++ -o conftest    conftest.cpp  >&5
configure:2929: $? = 0
configure:2951: result: 
configure:2973: checking whether we are cross compiling
configure:2981: g++ -o conftest    conftest.cpp  >&5
configure:2985: $? = 0
configure:2992: ./conftest
configure:2996: $? = 0
configure:3011: result: no
configure:3016: checking for suffix of object files
configure:3038: g++ -c   conftest.cpp >&5
configure:3042: $? = 0
configure:3063: result: o
configure:3067: checking whether we are using the GNU C++ compiler
configure:3086: g++ -c   conftest.cpp >&5
configure:3086: $? = 0
configure:3095: result: yes
configure:3104: checking whether g++ accepts -g
configure:3124: g++ -c -g  conftest.cpp >&5
configure:3124: $? = 0
configure:3165: result: yes
configure:3199: checking for style of include used by make
configure:3227: result: GNU
configure:3253: checking dependency style of g++
configure:3364: result: gcc3
configure:3429: checking for gcc
configure:3445: found /usr/bin/gcc
configure:3456: result: gcc
configure:3685: checking for C compiler version
configure:3694: gcc --version >&5
gcc (Ubuntu 4.8.4-2ubuntu1~14.04) 4.8.4
Copyright (C) 2013 Free Software Foundation, Inc.
This is free software; see the source for copying conditions.  There is NO
warranty; not even for MERCHANTABILITY or FITNESS FOR A PARTICULAR PURPOSE.

configure:3705: $? = 0
configure:3694: gcc -v >&5
Using built-in specs.
COLLECT_GCC=gcc
COLLECT_LTO_WRAPPER=/usr/lib/gcc/x86_64-linux-gnu/4.8/lto-wrapper
Target: x86_64-linux-gnu
Configured with: ../src/configure -v --with-pkgversion='Ubuntu 4.8.4-2ubuntu1~14.04' --with-bugurl=file:///usr/share/doc/gcc-4.8/README.Bugs --enable-languages=c,c++,java,go,d,fortran,objc,obj-c++ --prefix=/usr --program-suffix=-4.8 --enable-shared --enable-linker-build-id --libexecdir=/usr/lib --without-included-gettext --enable-threads=posix --with-gxx-include-dir=/usr/include/c++/4.8 --libdir=/usr/lib --enable-nls --with-sysroot=/ --enable-clocale=gnu --enable-libstdcxx-debug --enable-libstdcxx-time=yes --enable-gnu-unique-object --disable-libmudflap --enable-plugin --with-system-zlib --disable-browser-plugin --enable-java-awt=gtk --enable-gtk-cairo --with-java-home=/usr/lib/jvm/java-1.5.0-gcj-4.8-amd64/jre --enable-java-home --with-jvm-root-dir=/usr/lib/jvm/java-1.5.0-gcj-4.8-amd64 --with-jvm-jar-dir=/usr/lib/jvm-exports/java-1.5.0-gcj-4.8-amd64 --with-arch-directory=amd64 --with-ecj-jar=/usr/share/java/eclipse-ecj.jar --enable-objc-gc --enable-multiarch --disable-werror --with-arch-32=i686 --with-abi=m64 --with-multilib-list=m32,m64,mx32 --with-tune=generic --enable-checking=release --build=x86_64-linux-gnu --host=x86_64-linux-gnu --target=x86_64-linux-gnu
Thread model: posix
gcc version 4.8.4 (Ubuntu 4.8.4-2ubuntu1~14.04) 
configure:3705: $? = 0
configure:3694: gcc -V >&5
gcc: error: unrecognized command line option '-V'
gcc: fatal error: no input files
compilation terminated.
configure:3705: $? = 4
configure:3694: gcc -qversion >&5
gcc: error: unrecognized command line option '-qversion'
gcc: fatal error: no input files
compilation terminated.
configure:3705: $? = 4
configure:3709: checking whether we are using the GNU C compiler
configure:3728: gcc -c   conftest.c >&5
configure:3728: $? = 0
configure:3737: result: yes
configure:3746: checking whether gcc accepts -g
configure:3766: gcc -c -g  conftest.c >&5
configure:3766: $? = 0
configure:3807: result: yes
configure:3824: checking for gcc option to accept ISO C89
configure:3888: gcc  -c -g -O2  conftest.c >&5
configure:3888: $? = 0
configure:3901: result: none needed
configure:3923: checking dependency style of gcc
configure:4034: result: gcc3
configure:4055: checking how to run the C preprocessor
configure:4086: gcc -E  conftest.c
configure:4086: $? = 0
configure:4100: gcc -E  conftest.c
conftest.c:11:28: fatal error: ac_nonexistent.h: No such file or directory
 #include <ac_nonexistent.h>
                            ^
compilation terminated.
configure:4100: $? = 1
configure: failed program was:
| /* confdefs.h */
| #define PACKAGE_NAME ""
| #define PACKAGE_TARNAME ""
| #define PACKAGE_VERSION ""
| #define PACKAGE_STRING ""
| #define PACKAGE_BUGREPORT ""
| #define PACKAGE_URL ""
| #define PACKAGE "xtty"
| #define VERSION "1.0"
| /* end confdefs.h.  */
| #include <ac_nonexistent.h>
configure:4125: result: gcc -E
configure:4145: gcc -E  conftest.c
configure:4145: $? = 0
configure:4159: gcc -E  conftest.c
conftest.c:11:28: fatal error: ac_nonexistent.h: No such file or directory
 #include <ac_nonexistent.h>
                            ^
compilation terminated.
configure:4159: $? = 1
configure: failed program was:
| /* confdefs.h */
| #define PACKAGE_NAME ""
| #define PACKAGE_TARNAME ""
| #define PACKAGE_VERSION ""
| #define PACKAGE_STRING ""
| #define PACKAGE_BUGREPORT ""
| #define PACKAGE_URL ""
| #define PACKAGE "xtty"
| #define VERSION "1.0"
| /* end confdefs.h.  */
| #include <ac_nonexistent.h>
configure:4188: checking for X
configure:4296: gcc -E  conftest.c
configure:4296: $? = 0
configure:4327: gcc -o conftest -g -O2   conftest.c -lX11  >&5
configure:4327: $? = 0
configure:4377: result: libraries , headers 
configure:4476: gcc -o conftest -g -O2   conftest.c   -lX11 >&5
configure:4476: $? = 0
configure:4574: checking for gethostbyname
configure:4574: gcc -o conftest -g -O2   conftest.c  >&5
configure:4574: $? = 0
configure:4574: result: yes
configure:4671: checking for connect
configure:4671: gcc -o conftest -g -O2   conftest.c  >&5
configure:4671: $? = 0
configure:4671: result: yes
configure:4720: checking for remove
configure:4720: gcc -o conftest -g -O2   conftest.c  >&5
configure:4720: $? = 0
configure:4720: result: yes
configure:4769: checking for shmat
configure:4769: gcc -o conftest -g -O2   conftest.c  >&5
configure:4769: $? = 0
configure:4769: result: yes
configure:4827: checking for IceConnectionNumber in -lICE
configure:4852: gcc -o conftest -g -O2   conftest.c -lICE   >&5
configure:4852: $? = 0
configure:4861: result: yes
configure:4871: checking for grep that handles long lines and -e
configure:4929: result: /bin/grep
configure:4934: checking for egrep
configure:4996: result: /bin/grep -E
configure:5001: checking for ANSI C header files
configure:5021: gcc -c -g -O2  conftest.c >&5
configure:5021: $? = 0
configure:5094: gcc -o conftest -g -O2   conftest.c  >&5
configure:5094: $? = 0
configure:5094: ./conftest
configure:5094: $? = 0
configure:5105: result: yes
configure:5118: checking for sys/types.h
configure:5118: gcc -c -g -O2  conftest.c >&5
configure:5118: $? = 0
configure:5118: result: yes
configure:5118: checking for sys/stat.h
configure:5118: gcc -c -g -O2  conftest.c >&5
configure:5118: $? = 0
configure:5118: result: yes
configure:5118: checking for stdlib.h
configure:5118: gcc -c -g -O2  conftest.c >&5
configure:5118: $? = 0
configure:5118: result: yes
configure:5118: checking for string.h
configure:5118: gcc -c -g -O2  conftest.c >&5
configure:5118: $? = 0
configure:5118: result: yes
configure:5118: checking for memory.h
configure:5118: gcc -c -g -O2  conftest.c >&5
configure:5118: $? = 0
configure:5118: result: yes
configure:5118: checking for strings.h
configure:5118: gcc -c -g -O2  conftest.c >&5
configure:5118: $? = 0
configure:5118: result: yes
configure:5118: checking for inttypes.h
configure:5118: gcc -c -g -O2  conftest.c >&5
configure:5118: $? = 0
configure:5118: result: yes
configure:5118: checking for stdint.h
configure:5118: gcc -c -g -O2  conftest.c >&5
configure:5118: $? = 0
configure:5118: result: yes
configure:5118: checking for unistd.h
configure:5118: gcc -c -g -O2  conftest.c >&5
configure:5118: $? = 0
configure:5118: result: yes
configure:5133: checking X11/Xlib.h usability
configure:5133: gcc -c -g -O2  conftest.c >&5
configure:5133: $? = 0
configure:5133: result: yes
configure:5133: checking X11/Xlib.h presence
configure:5133: gcc -E  conftest.c
configure:5133: $? = 0
configure:5133: result: yes
configure:5133: checking for X11/Xlib.h
configure:5133: result: yes
configure:5133: checking X11/Xutil.h usability
configure:5133: gcc -c -g -O2  conftest.c >&5
configure:5133: $? = 0
configure:5133: result: yes
configure:5133: checking X11/Xutil.h presence
configure:5133: gcc -E  conftest.c
configure:5133: $? = 0
configure:5133: result: yes
configure:5133: checking for X11/Xutil.h
configure:5133: result: yes
configure:5133: checking X11/Xos.h usability
configure:5133: gcc -c -g -O2  conftest.c >&5
configure:5133: $? = 0
configure:5133: result: yes
configure:5133: checking X11/Xos.h presence
configure:5133: gcc -E  conftest.c
configure:5133: $? = 0
configure:5133: result: yes
configure:5133: checking for X11/Xos.h
configure:5133: result: yes
configure:5319: creating ./config.status

## ---------------------- ##
## Running config.status. ##
## ---------------------- ##

This file was extended by config.status, which was
generated by GNU Autoconf 2.68.  Invocation command line was

  CONFIG_FILES    = 
  CONFIG_HEADERS  = 
  CONFIG_LINKS    = 
  CONFIG_COMMANDS = 
  $ ./config.status 

on guest-soc

config.status:795: creating Makefile
config.status:967: executing depfiles commands

## ---------------- ##
## Cache variables. ##
## ---------------- ##

ac_cv_c_compiler_gnu=yes
ac_cv_cxx_compiler_gnu=yes
ac_cv_env_CCC_set=
ac_cv_env_CCC_value=
ac_cv_env_CC_set=
ac_cv_env_CC_value=
ac_cv_env_CFLAGS_set=
ac_cv_env_CFLAGS_value=
ac_cv_env_CPPFLAGS_set=
ac_cv_env_CPPFLAGS_value=
ac_cv_env_CPP_set=
ac_cv_env_CPP_value=
ac_cv_env_CXXFLAGS_set=
ac_cv_env_CXXFLAGS_value=
ac_cv_env_CXX_set=
ac_cv_env_CXX_value=
ac_cv_env_LDFLAGS_set=
ac_cv_env_LDFLAGS_value=
ac_cv_env_LIBS_set=
ac_cv_env_LIBS_value=
ac_cv_env_XMKMF_set=
ac_cv_env_XMKMF_value=
ac_cv_env_build_alias_set=
ac_cv_env_build_alias_value=
ac_cv_env_host_alias_set=
ac_cv_env_host_alias_value=
ac_cv_env_target_alias_set=
ac_cv_env_target_alias_value=
ac_cv_func_connect=yes
ac_cv_func_gethostbyname=yes
ac_cv_func_remove=yes
ac_cv_func_shmat=yes
ac_cv_have_x='have_x=yes	ac_x_includes='\'''\''	ac_x_libraries='\'''\'''
ac_cv_header_X11_Xlib_h=yes
ac_cv_header_X11_Xos_h=yes
ac_cv_header_X11_Xutil_h=yes
ac_cv_header_inttypes_h=yes
ac_cv_header_memory_h=yes
ac_cv_header_stdc=yes
ac_cv_header_stdint_h=yes
ac_cv_header_stdlib_h=yes
ac_cv_header_string_h=yes
ac_cv_header_strings_h=yes
ac_cv_header_sys_stat_h=yes
ac_cv_header_sys_types_h=yes
ac_cv_header_unistd_h=yes
ac_cv_lib_ICE_IceConnectionNumber=yes
ac_cv_objext=o
ac_cv_path_EGREP='/bin/grep -E'
ac_cv_path_GREP=/bin/grep
ac_cv_path_install='/usr/bin/install -c'
ac_cv_path_mkdir=/bin/mkdir
ac_cv_prog_AWK=mawk
ac_cv_prog_CPP='gcc -E'
ac_cv_prog_ac_ct_CC=gcc
ac_cv_prog_ac_ct_CXX=g++
ac_cv_prog_cc_c89=
ac_cv_prog_cc_g=yes
ac_cv_prog_cxx_g=yes
ac_cv_prog_make_make_set=yes
am_cv_CC_dependencies_compiler_type=gcc3
am_cv_CXX_dependencies_compiler_type=gcc3

## ----------------- ##
## Output variables. ##
## ----------------- ##

ACLOCAL='${SHELL} /home/guest/Exercises/sysc_04_soclib_pedago/soclib/tools/src/xtty/missing --run aclocal-1.11'
AMDEPBACKSLASH='\'
AMDEP_FALSE='#'
AMDEP_TRUE=''
AMTAR='$${TAR-tar}'
AUTOCONF='${SHELL} /home/guest/Exercises/sysc_04_soclib_pedago/soclib/tools/src/xtty/missing --run autoconf'
AUTOHEADER='${SHELL} /home/guest/Exercises/sysc_04_soclib_pedago/soclib/tools/src/xtty/missing --run autoheader'
AUTOMAKE='${SHELL} /home/guest/Exercises/sysc_04_soclib_pedago/soclib/tools/src/xtty/missing --run automake-1.11'
AWK='mawk'
CC='gcc'
CCDEPMODE='depmode=gcc3'
CFLAGS=''
CPP='gcc -E'
CPPFLAGS=''
CXX='g++'
CXXDEPMODE='depmode=gcc3'
CXXFLAGS='-g -O2'
CYGPATH_W='echo'
DEFS='-DPACKAGE_NAME=\"\" -DPACKAGE_TARNAME=\"\" -DPACKAGE_VERSION=\"\" -DPACKAGE_STRING=\"\" -DPACKAGE_BUGREPORT=\"\" -DPACKAGE_URL=\"\" -DPACKAGE=\"xtty\" -DVERSION=\"1.0\" -DSTDC_HEADERS=1 -DHAVE_SYS_TYPES_H=1 -DHAVE_SYS_STAT_H=1 -DHAVE_STDLIB_H=1 -DHAVE_STRING_H=1 -DHAVE_MEMORY_H=1 -DHAVE_STRINGS_H=1 -DHAVE_INTTYPES_H=1 -DHAVE_STDINT_H=1 -DHAVE_UNISTD_H=1 -DHAVE_X11_XLIB_H=1 -DHAVE_X11_XUTIL_H=1 -DHAVE_X11_XOS_H=1'
DEPDIR='.deps'
ECHO_C=''
ECHO_N='-n'
ECHO_T=''
EGREP='/bin/grep -E'
EXEEXT=''
GREP='/bin/grep'
INSTALL_DATA='${INSTALL} -m 644'
INSTALL_PROGRAM='${INSTALL}'
INSTALL_SCRIPT='${INSTALL}'
INSTALL_STRIP_PROGRAM='$(install_sh) -c -s'
LDFLAGS=''
LIBOBJS=''
LIBS=' -lX11'
LTLIBOBJS=''
MAKEINFO='${SHELL} /home/guest/Exercises/sysc_04_soclib_pedago/soclib/tools/src/xtty/missing --run makeinfo'
MKDIR_P='/bin/mkdir -p'
OBJEXT='o'
PACKAGE='xtty'
PACKAGE_BUGREPORT=''
PACKAGE_NAME=''
PACKAGE_STRING=''
PACKAGE_TARNAME=''
PACKAGE_URL=''
PACKAGE_VERSION=''
PATH_SEPARATOR=':'
SET_MAKE=''
SHELL='/bin/bash'
STRIP=''
VERSION='1.0'
XMKMF=''
X_CFLAGS=''
X_EXTRA_LIBS=''
X_LIBS=''
X_PRE_LIBS=' -lSM -lICE'
ac_ct_CC='gcc'
ac_ct_CXX='g++'
am__EXEEXT_FALSE=''
am__EXEEXT_TRUE='#'
am__fastdepCC_FALSE='#'
am__fastdepCC_TRUE=''
am__fastdepCXX_FALSE='#'
am__fastdepCXX_TRUE=''
am__include='include'
am__isrc=''
am__leading_dot='.'
am__nodep='_no'
am__quote=''
am__tar='$${TAR-tar} chof - "$$tardir"'
am__untar='$${TAR-tar} xf -'
bindir='${exec_prefix}/bin'
build_alias=''
datadir='${datarootdir}'
datarootdir='${prefix}/share'
docdir='${datarootdir}/doc/${PACKAGE}'
dvidir='${docdir}'
exec_prefix='${prefix}'
host_alias=''
htmldir='${docdir}'
includedir='${prefix}/include'
infodir='${datarootdir}/info'
install_sh='${SHELL} /home/guest/Exercises/sysc_04_soclib_pedago/soclib/tools/src/xtty/install-sh'
libdir='${exec_prefix}/lib'
libexecdir='${exec_prefix}/libexec'
localedir='${datarootdir}/locale'
localstatedir='${prefix}/var'
mandir='${datarootdir}/man'
mkdir_p='/bin/mkdir -p'
oldincludedir='/usr/include'
pdfdir='${docdir}'
prefix='/usr/local'
program_transform_name='s,x,x,'
psdir='${docdir}'
sbindir='${exec_prefix}/sbin'
sharedstatedir='${prefix}/com'
sysconfdir='${prefix}/etc'
target_alias=''

## ----------- ##
## confdefs.h. ##
## ----------- ##

/* confdefs.h */
#define PACKAGE_NAME ""
#define PACKAGE_TARNAME ""
#define PACKAGE_VERSION ""
#define PACKAGE_STRING ""
#define PACKAGE_BUGREPORT ""
#define PACKAGE_URL ""
#define PACKAGE "xtty"
#define VERSION "1.0"
#define STDC_HEADERS 1
#define HAVE_SYS_TYPES_H 1
#define HAVE_SYS_STAT_H 1
#define HAVE_STDLIB_H 1
#define HAVE_STRING_H 1
#define HAVE_MEMORY_H 1
#define HAVE_STRINGS_H 1
#define HAVE_INTTYPES_H 1
#define HAVE_STDINT_H 1
#define HAVE_UNISTD_H 1
#define HAVE_X11_XLIB_H 1
#define HAVE_X11_XUTIL_H 1
#define HAVE_X11_XOS_H 1

configure: exit 0
